<?xml version="1.0" encoding="UTF-8"?>
<!-- Generated by org.testng.reporters.JUnitXMLReporter -->
<testsuite hostname="DESKTOP-LTPBCCQ" name="Default test" tests="4" failures="0" timestamp="15 Jun 2022 06:48:50 GMT" time="0.141" errors="0">
  <testcase name="four" time="0.032" classname="jenkins.Test3"/>
  <testcase name="third" time="0.0" classname="jenkins.Test2"/>
  <testcase name="second" time="0.0" classname="jenkins.Test1"/>
  <testcase name="first" time="0.0" classname="jenkins.Test"/>
</testsuite> <!-- Default test -->
